0 verbose cli C:\Program Files\nodejs\node.exe C:\Program Files\nodejs\node_modules\npm\bin\npm-cli.js
1 info using npm@10.9.3
2 info using node@v22.20.0
3 silly config load:file:C:\Program Files\nodejs\node_modules\npm\npmrc
4 silly config load:file:d:\Startup Surge\task-management-system\frontend\.npmrc
5 silly config load:file:C:\Users\sagar\.npmrc
6 silly config load:file:C:\Users\sagar\AppData\Roaming\npm\etc\npmrc
7 verbose title npm view @emotion/styled description dist-tags.latest homepage version time
8 verbose argv "view" "--json" "--" "@emotion/styled" "description" "dist-tags.latest" "homepage" "version" "time"
9 verbose logfile logs-max:10 dir:d:\Startup Surge\task-management-system\frontend\.npm-cache\_logs\2025-09-30T13_10_35_048Z-
10 verbose logfile d:\Startup Surge\task-management-system\frontend\.npm-cache\_logs\2025-09-30T13_10_35_048Z-debug-0.log
11 silly logfile done cleaning log files
12 http fetch GET 200 https://registry.npmjs.org/npm 735ms
13 http fetch GET 200 https://registry.npmjs.org/@emotion%2fstyled 830ms (cache miss)
14 verbose cwd d:\Startup Surge\task-management-system\frontend
15 verbose os Windows_NT 10.0.26100
16 verbose node v22.20.0
17 verbose npm  v10.9.3
18 notice
18 notice New major version of npm available! 10.9.3 -> 11.6.1
18 notice Changelog: https://github.com/npm/cli/releases/tag/v11.6.1
18 notice To update run: npm install -g npm@11.6.1
18 notice  { force: true, [Symbol(proc-log.meta)]: true }
19 verbose exit 0
20 info ok
